<?xml version="1.0" encoding="UTF-8"?>
<testng-results skipped="0" failed="0" ignored="0" total="1" passed="1">
  <reporter-output>
  </reporter-output>
  <suite name="Suite" duration-ms="7285" started-at="2019-07-31T12:04:00Z" finished-at="2019-07-31T12:04:08Z">
    <groups>
    </groups>
    <test name="Test" duration-ms="7285" started-at="2019-07-31T12:04:00Z" finished-at="2019-07-31T12:04:08Z">
      <class name="example.TestNGTest">
        <test-method status="PASS" signature="beforeTest()[pri:0, instance:example.TestNGTest@668bc3d5]" name="beforeTest" is-config="true" duration-ms="5699" started-at="2019-07-31T20:04:00Z" finished-at="2019-07-31T20:04:06Z">
          <reporter-output>
          </reporter-output>
        </test-method> <!-- beforeTest -->
        <test-method status="PASS" signature="test()[pri:0, instance:example.TestNGTest@668bc3d5]" name="test" duration-ms="875" started-at="2019-07-31T20:04:06Z" finished-at="2019-07-31T20:04:07Z">
          <reporter-output>
          </reporter-output>
        </test-method> <!-- test -->
        <test-method status="PASS" signature="afterTest()[pri:0, instance:example.TestNGTest@668bc3d5]" name="afterTest" is-config="true" duration-ms="679" started-at="2019-07-31T20:04:07Z" finished-at="2019-07-31T20:04:08Z">
          <reporter-output>
          </reporter-output>
        </test-method> <!-- afterTest -->
      </class> <!-- example.TestNGTest -->
    </test> <!-- Test -->
  </suite> <!-- Suite -->
</testng-results>
